<?xml version="1.0" encoding="UTF-8"?>
<!DOCTYPE properties SYSTEM "http://java.sun.com/dtd/properties.dtd">
<properties version="1.0">
    <comment>Sample test run arguments</comment>
    <entry key="iut">file:///C:/Users/RDAGCDLJ/Documents/FY20/GeoTIFF/example_tiffs/USGS/USGS_1_n06e162.tif</entry>
    <entry key="ics">class-A,class-B</entry>
</properties>
